CRITICAL - 2026-03-08 04:08:09 --> CodeIgniter\View\Exceptions\ViewException: Invalid file: "layouts/main.php"
[Method: GET, Route: /]
in SYSTEMPATH\Exceptions\FrameworkException.php on line 39.
 1 SYSTEMPATH\View\View.php(226): CodeIgniter\Exceptions\FrameworkException::forInvalidFile('layouts/main.php')
 2 SYSTEMPATH\View\View.php(254): CodeIgniter\View\View->render('layouts/main', [], true)
 3 SYSTEMPATH\Common.php(1250): CodeIgniter\View\View->render('home', [], true)
 4 APPPATH\Controllers\Website.php(9): view('home')
 5 SYSTEMPATH\CodeIgniter.php(951): App\Controllers\Website->index()
 6 SYSTEMPATH\CodeIgniter.php(497): CodeIgniter\CodeIgniter->runController(Object(App\Controllers\Website))
 7 SYSTEMPATH\CodeIgniter.php(340): CodeIgniter\CodeIgniter->handleRequest(null, Object(Config\Cache), false)
 8 SYSTEMPATH\Boot.php(417): CodeIgniter\CodeIgniter->run()
 9 SYSTEMPATH\Boot.php(68): CodeIgniter\Boot::runCodeIgniter(Object(CodeIgniter\CodeIgniter))
10 FCPATH\index.php(59): CodeIgniter\Boot::bootWeb(Object(Config\Paths))
CRITICAL - 2026-03-08 04:08:42 --> CodeIgniter\View\Exceptions\ViewException: Invalid file: "layouts/main.php"
[Method: GET, Route: /]
in SYSTEMPATH\Exceptions\FrameworkException.php on line 39.
 1 SYSTEMPATH\View\View.php(226): CodeIgniter\Exceptions\FrameworkException::forInvalidFile('layouts/main.php')
 2 SYSTEMPATH\View\View.php(254): CodeIgniter\View\View->render('layouts/main', [], true)
 3 SYSTEMPATH\Common.php(1250): CodeIgniter\View\View->render('home', [], true)
 4 APPPATH\Controllers\Website.php(9): view('home')
 5 SYSTEMPATH\CodeIgniter.php(951): App\Controllers\Website->index()
 6 SYSTEMPATH\CodeIgniter.php(497): CodeIgniter\CodeIgniter->runController(Object(App\Controllers\Website))
 7 SYSTEMPATH\CodeIgniter.php(340): CodeIgniter\CodeIgniter->handleRequest(null, Object(Config\Cache), false)
 8 SYSTEMPATH\Boot.php(417): CodeIgniter\CodeIgniter->run()
 9 SYSTEMPATH\Boot.php(68): CodeIgniter\Boot::runCodeIgniter(Object(CodeIgniter\CodeIgniter))
10 FCPATH\index.php(59): CodeIgniter\Boot::bootWeb(Object(Config\Paths))
CRITICAL - 2026-03-08 04:09:39 --> CodeIgniter\View\Exceptions\ViewException: Invalid file: "layouts/main.php"
[Method: GET, Route: /]
in SYSTEMPATH\Exceptions\FrameworkException.php on line 39.
 1 SYSTEMPATH\View\View.php(226): CodeIgniter\Exceptions\FrameworkException::forInvalidFile('layouts/main.php')
 2 SYSTEMPATH\View\View.php(254): CodeIgniter\View\View->render('layouts/main', [], true)
 3 SYSTEMPATH\Common.php(1250): CodeIgniter\View\View->render('home', [], true)
 4 APPPATH\Controllers\Website.php(9): view('home')
 5 SYSTEMPATH\CodeIgniter.php(951): App\Controllers\Website->index()
 6 SYSTEMPATH\CodeIgniter.php(497): CodeIgniter\CodeIgniter->runController(Object(App\Controllers\Website))
 7 SYSTEMPATH\CodeIgniter.php(340): CodeIgniter\CodeIgniter->handleRequest(null, Object(Config\Cache), false)
 8 SYSTEMPATH\Boot.php(417): CodeIgniter\CodeIgniter->run()
 9 SYSTEMPATH\Boot.php(68): CodeIgniter\Boot::runCodeIgniter(Object(CodeIgniter\CodeIgniter))
10 FCPATH\index.php(59): CodeIgniter\Boot::bootWeb(Object(Config\Paths))
CRITICAL - 2026-03-08 04:10:16 --> CodeIgniter\View\Exceptions\ViewException: Invalid file: "layouts/navbar.php"
[Method: GET, Route: /]
in SYSTEMPATH\Exceptions\FrameworkException.php on line 39.
 1 SYSTEMPATH\View\View.php(226): CodeIgniter\Exceptions\FrameworkException::forInvalidFile('layouts/navbar.php')
 2 SYSTEMPATH\Common.php(1250): CodeIgniter\View\View->render('layouts/navbar', [], true)
 3 APPPATH\Views\layout\main.php(12): view('layouts/navbar')
 4 SYSTEMPATH\View\View.php(238): include('C:\\xampp\\htdocs\\Nonchalant\\app\\Views\\layout\\main.php')
 5 SYSTEMPATH\View\View.php(241): CodeIgniter\View\View->CodeIgniter\View\{closure}()
 6 SYSTEMPATH\View\View.php(254): CodeIgniter\View\View->render('layout/main', [], true)
 7 SYSTEMPATH\Common.php(1250): CodeIgniter\View\View->render('home', [], true)
 8 APPPATH\Controllers\Website.php(9): view('home')
 9 SYSTEMPATH\CodeIgniter.php(951): App\Controllers\Website->index()
10 SYSTEMPATH\CodeIgniter.php(497): CodeIgniter\CodeIgniter->runController(Object(App\Controllers\Website))
11 SYSTEMPATH\CodeIgniter.php(340): CodeIgniter\CodeIgniter->handleRequest(null, Object(Config\Cache), false)
12 SYSTEMPATH\Boot.php(417): CodeIgniter\CodeIgniter->run()
13 SYSTEMPATH\Boot.php(68): CodeIgniter\Boot::runCodeIgniter(Object(CodeIgniter\CodeIgniter))
14 FCPATH\index.php(59): CodeIgniter\Boot::bootWeb(Object(Config\Paths))
CRITICAL - 2026-03-08 04:10:17 --> CodeIgniter\View\Exceptions\ViewException: Invalid file: "layouts/navbar.php"
[Method: GET, Route: /]
in SYSTEMPATH\Exceptions\FrameworkException.php on line 39.
 1 SYSTEMPATH\View\View.php(226): CodeIgniter\Exceptions\FrameworkException::forInvalidFile('layouts/navbar.php')
 2 SYSTEMPATH\Common.php(1250): CodeIgniter\View\View->render('layouts/navbar', [], true)
 3 APPPATH\Views\layout\main.php(12): view('layouts/navbar')
 4 SYSTEMPATH\View\View.php(238): include('C:\\xampp\\htdocs\\Nonchalant\\app\\Views\\layout\\main.php')
 5 SYSTEMPATH\View\View.php(241): CodeIgniter\View\View->CodeIgniter\View\{closure}()
 6 SYSTEMPATH\View\View.php(254): CodeIgniter\View\View->render('layout/main', [], true)
 7 SYSTEMPATH\Common.php(1250): CodeIgniter\View\View->render('home', [], true)
 8 APPPATH\Controllers\Website.php(9): view('home')
 9 SYSTEMPATH\CodeIgniter.php(951): App\Controllers\Website->index()
10 SYSTEMPATH\CodeIgniter.php(497): CodeIgniter\CodeIgniter->runController(Object(App\Controllers\Website))
11 SYSTEMPATH\CodeIgniter.php(340): CodeIgniter\CodeIgniter->handleRequest(null, Object(Config\Cache), false)
12 SYSTEMPATH\Boot.php(417): CodeIgniter\CodeIgniter->run()
13 SYSTEMPATH\Boot.php(68): CodeIgniter\Boot::runCodeIgniter(Object(CodeIgniter\CodeIgniter))
14 FCPATH\index.php(59): CodeIgniter\Boot::bootWeb(Object(Config\Paths))
CRITICAL - 2026-03-08 04:10:17 --> CodeIgniter\View\Exceptions\ViewException: Invalid file: "layouts/navbar.php"
[Method: GET, Route: /]
in SYSTEMPATH\Exceptions\FrameworkException.php on line 39.
 1 SYSTEMPATH\View\View.php(226): CodeIgniter\Exceptions\FrameworkException::forInvalidFile('layouts/navbar.php')
 2 SYSTEMPATH\Common.php(1250): CodeIgniter\View\View->render('layouts/navbar', [], true)
 3 APPPATH\Views\layout\main.php(12): view('layouts/navbar')
 4 SYSTEMPATH\View\View.php(238): include('C:\\xampp\\htdocs\\Nonchalant\\app\\Views\\layout\\main.php')
 5 SYSTEMPATH\View\View.php(241): CodeIgniter\View\View->CodeIgniter\View\{closure}()
 6 SYSTEMPATH\View\View.php(254): CodeIgniter\View\View->render('layout/main', [], true)
 7 SYSTEMPATH\Common.php(1250): CodeIgniter\View\View->render('home', [], true)
 8 APPPATH\Controllers\Website.php(9): view('home')
 9 SYSTEMPATH\CodeIgniter.php(951): App\Controllers\Website->index()
10 SYSTEMPATH\CodeIgniter.php(497): CodeIgniter\CodeIgniter->runController(Object(App\Controllers\Website))
11 SYSTEMPATH\CodeIgniter.php(340): CodeIgniter\CodeIgniter->handleRequest(null, Object(Config\Cache), false)
12 SYSTEMPATH\Boot.php(417): CodeIgniter\CodeIgniter->run()
13 SYSTEMPATH\Boot.php(68): CodeIgniter\Boot::runCodeIgniter(Object(CodeIgniter\CodeIgniter))
14 FCPATH\index.php(59): CodeIgniter\Boot::bootWeb(Object(Config\Paths))
